<?xml version="1.0" encoding="UTF-8"?>
<!-- Generated by org.testng.reporters.JUnitReportReporter -->
<testsuite hostname="DESKTOP-O6NVHUN" failures="0" tests="1" name="testCases.tc_001_LoginTest" time="1.933" errors="0" timestamp="2025-04-27T18:52:44 MST" skipped="0">
  <testcase classname="testCases.tc_001_LoginTest" name="LogitTest" time="1.933"/>
</testsuite> <!-- testCases.tc_001_LoginTest -->
